{"numFailedTestSuites":2,"numFailedTests":26,"numPassedTestSuites":1,"numPassedTests":10,"numPendingTestSuites":0,"numPendingTests":0,"numRuntimeErrorTestSuites":0,"numTodoTests":0,"numTotalTestSuites":3,"numTotalTests":36,"openHandles":[],"snapshot":{"added":0,"didUpdate":false,"failure":false,"filesAdded":0,"filesRemoved":0,"filesRemovedList":[],"filesUnmatched":0,"filesUpdated":0,"matched":0,"total":0,"unchecked":0,"uncheckedKeysByFile":[],"unmatched":0,"updated":0},"startTime":1778844442094,"success":false,"testResults":[{"assertionResults":[{"ancestorTitles":["handleWebhook"],"duration":2766,"failureDetails":[{"name":"TSError","diagnosticText":"\u001b[96msrc/errors/errorToResponse.ts\u001b[0m:\u001b[93m13\u001b[0m:\u001b[93m30\u001b[0m - \u001b[91merror\u001b[0m\u001b[90m TS2345: \u001b[0mArgument of type '{ headers?: Record<string, string | undefined> | undefined; requestContext?: { requestId?: string | undefined; } | undefined; }' is not assignable to parameter of type 'HttpEventLike'.\n  Types of property 'headers' are incompatible.\n    Type 'Record<string, string | undefined> | undefined' is not assignable to type 'Record<string, string | undefined>'.\n      Type 'undefined' is not assignable to type 'Record<string, string | undefined>'.\n\n\u001b[7m13\u001b[0m   return createErrorResponse(event, error.statusCode, error.message, { exposeMessage: true });\n\u001b[7m  \u001b[0m \u001b[91m                             ~~~~~\u001b[0m\n","diagnosticCodes":[2345]}],"failureMessages":[""],"fullName":"handleWebhook returns 500 when DYNAMO_DB_TABLE_NAME is missing","invocations":1,"location":null,"numPassingAsserts":0,"retryReasons":[],"status":"failed","title":"returns 500 when DYNAMO_DB_TABLE_NAME is missing"},{"ancestorTitles":["handleWebhook"],"duration":34,"failureDetails":[{"name":"TSError","diagnosticText":"\u001b[96msrc/errors/errorToResponse.ts\u001b[0m:\u001b[93m13\u001b[0m:\u001b[93m30\u001b[0m - \u001b[91merror\u001b[0m\u001b[90m TS2345: \u001b[0mArgument of type '{ headers?: Record<string, string | undefined> | undefined; requestContext?: { requestId?: string | undefined; } | undefined; }' is not assignable to parameter of type 'HttpEventLike'.\n  Types of property 'headers' are incompatible.\n    Type 'Record<string, string | undefined> | undefined' is not assignable to type 'Record<string, string | undefined>'.\n      Type 'undefined' is not assignable to type 'Record<string, string | undefined>'.\n\n\u001b[7m13\u001b[0m   return createErrorResponse(event, error.statusCode, error.message, { exposeMessage: true });\n\u001b[7m  \u001b[0m \u001b[91m                             ~~~~~\u001b[0m\n","diagnosticCodes":[2345]}],"failureMessages":[""],"fullName":"handleWebhook returns 500 when MIDTRANS_SERVER_KEY is missing","invocations":1,"location":null,"numPassingAsserts":0,"retryReasons":[],"status":"failed","title":"returns 500 when MIDTRANS_SERVER_KEY is missing"},{"ancestorTitles":["handleWebhook"],"duration":21,"failureDetails":[{"name":"TSError","diagnosticText":"\u001b[96msrc/errors/errorToResponse.ts\u001b[0m:\u001b[93m13\u001b[0m:\u001b[93m30\u001b[0m - \u001b[91merror\u001b[0m\u001b[90m TS2345: \u001b[0mArgument of type '{ headers?: Record<string, string | undefined> | undefined; requestContext?: { requestId?: string | undefined; } | undefined; }' is not assignable to parameter of type 'HttpEventLike'.\n  Types of property 'headers' are incompatible.\n    Type 'Record<string, string | undefined> | undefined' is not assignable to type 'Record<string, string | undefined>'.\n      Type 'undefined' is not assignable to type 'Record<string, string | undefined>'.\n\n\u001b[7m13\u001b[0m   return createErrorResponse(event, error.statusCode, error.message, { exposeMessage: true });\n\u001b[7m  \u001b[0m \u001b[91m                             ~~~~~\u001b[0m\n","diagnosticCodes":[2345]}],"failureMessages":[""],"fullName":"handleWebhook returns 400 when JSON body is invalid","invocations":1,"location":null,"numPassingAsserts":0,"retryReasons":[],"status":"failed","title":"returns 400 when JSON body is invalid"},{"ancestorTitles":["handleWebhook"],"duration":13,"failureDetails":[{"name":"TSError","diagnosticText":"\u001b[96msrc/errors/errorToResponse.ts\u001b[0m:\u001b[93m13\u001b[0m:\u001b[93m30\u001b[0m - \u001b[91merror\u001b[0m\u001b[90m TS2345: \u001b[0mArgument of type '{ headers?: Record<string, string | undefined> | undefined; requestContext?: { requestId?: string | undefined; } | undefined; }' is not assignable to parameter of type 'HttpEventLike'.\n  Types of property 'headers' are incompatible.\n    Type 'Record<string, string | undefined> | undefined' is not assignable to type 'Record<string, string | undefined>'.\n      Type 'undefined' is not assignable to type 'Record<string, string | undefined>'.\n\n\u001b[7m13\u001b[0m   return createErrorResponse(event, error.statusCode, error.message, { exposeMessage: true });\n\u001b[7m  \u001b[0m \u001b[91m                             ~~~~~\u001b[0m\n","diagnosticCodes":[2345]}],"failureMessages":[""],"fullName":"handleWebhook returns 401 when Midtrans signature is invalid","invocations":1,"location":null,"numPassingAsserts":0,"retryReasons":[],"status":"failed","title":"returns 401 when Midtrans signature is invalid"},{"ancestorTitles":["handleWebhook"],"duration":9,"failureDetails":[{"name":"TSError","diagnosticText":"\u001b[96msrc/errors/errorToResponse.ts\u001b[0m:\u001b[93m13\u001b[0m:\u001b[93m30\u001b[0m - \u001b[91merror\u001b[0m\u001b[90m TS2345: \u001b[0mArgument of type '{ headers?: Record<string, string | undefined> | undefined; requestContext?: { requestId?: string | undefined; } | undefined; }' is not assignable to parameter of type 'HttpEventLike'.\n  Types of property 'headers' are incompatible.\n    Type 'Record<string, string | undefined> | undefined' is not assignable to type 'Record<string, string | undefined>'.\n      Type 'undefined' is not assignable to type 'Record<string, string | undefined>'.\n\n\u001b[7m13\u001b[0m   return createErrorResponse(event, error.statusCode, error.message, { exposeMessage: true });\n\u001b[7m  \u001b[0m \u001b[91m                             ~~~~~\u001b[0m\n","diagnosticCodes":[2345]}],"failureMessages":[""],"fullName":"handleWebhook returns 400 when order_id is missing","invocations":1,"location":null,"numPassingAsserts":0,"retryReasons":[],"status":"failed","title":"returns 400 when order_id is missing"},{"ancestorTitles":["handleWebhook"],"duration":11,"failureDetails":[{"name":"TSError","diagnosticText":"\u001b[96msrc/errors/errorToResponse.ts\u001b[0m:\u001b[93m13\u001b[0m:\u001b[93m30\u001b[0m - \u001b[91merror\u001b[0m\u001b[90m TS2345: \u001b[0mArgument of type '{ headers?: Record<string, string | undefined> | undefined; requestContext?: { requestId?: string | undefined; } | undefined; }' is not assignable to parameter of type 'HttpEventLike'.\n  Types of property 'headers' are incompatible.\n    Type 'Record<string, string | undefined> | undefined' is not assignable to type 'Record<string, string | undefined>'.\n      Type 'undefined' is not assignable to type 'Record<string, string | undefined>'.\n\n\u001b[7m13\u001b[0m   return createErrorResponse(event, error.statusCode, error.message, { exposeMessage: true });\n\u001b[7m  \u001b[0m \u001b[91m                             ~~~~~\u001b[0m\n","diagnosticCodes":[2345]}],"failureMessages":[""],"fullName":"handleWebhook returns 502 when reading order fails","invocations":1,"location":null,"numPassingAsserts":0,"retryReasons":[],"status":"failed","title":"returns 502 when reading order fails"},{"ancestorTitles":["handleWebhook"],"duration":8,"failureDetails":[{"name":"TSError","diagnosticText":"\u001b[96msrc/errors/errorToResponse.ts\u001b[0m:\u001b[93m13\u001b[0m:\u001b[93m30\u001b[0m - \u001b[91merror\u001b[0m\u001b[90m TS2345: \u001b[0mArgument of type '{ headers?: Record<string, string | undefined> | undefined; requestContext?: { requestId?: string | undefined; } | undefined; }' is not assignable to parameter of type 'HttpEventLike'.\n  Types of property 'headers' are incompatible.\n    Type 'Record<string, string | undefined> | undefined' is not assignable to type 'Record<string, string | undefined>'.\n      Type 'undefined' is not assignable to type 'Record<string, string | undefined>'.\n\n\u001b[7m13\u001b[0m   return createErrorResponse(event, error.statusCode, error.message, { exposeMessage: true });\n\u001b[7m  \u001b[0m \u001b[91m                             ~~~~~\u001b[0m\n","diagnosticCodes":[2345]}],"failureMessages":[""],"fullName":"handleWebhook returns 404 when order is not found","invocations":1,"location":null,"numPassingAsserts":0,"retryReasons":[],"status":"failed","title":"returns 404 when order is not found"},{"ancestorTitles":["handleWebhook"],"duration":9,"failureDetails":[{"name":"TSError","diagnosticText":"\u001b[96msrc/errors/errorToResponse.ts\u001b[0m:\u001b[93m13\u001b[0m:\u001b[93m30\u001b[0m - \u001b[91merror\u001b[0m\u001b[90m TS2345: \u001b[0mArgument of type '{ headers?: Record<string, string | undefined> | undefined; requestContext?: { requestId?: string | undefined; } | undefined; }' is not assignable to parameter of type 'HttpEventLike'.\n  Types of property 'headers' are incompatible.\n    Type 'Record<string, string | undefined> | undefined' is not assignable to type 'Record<string, string | undefined>'.\n      Type 'undefined' is not assignable to type 'Record<string, string | undefined>'.\n\n\u001b[7m13\u001b[0m   return createErrorResponse(event, error.statusCode, error.message, { exposeMessage: true });\n\u001b[7m  \u001b[0m \u001b[91m                             ~~~~~\u001b[0m\n","diagnosticCodes":[2345]}],"failureMessages":[""],"fullName":"handleWebhook returns 502 when granting access fails for first SUCCESS webhook","invocations":1,"location":null,"numPassingAsserts":0,"retryReasons":[],"status":"failed","title":"returns 502 when granting access fails for first SUCCESS webhook"},{"ancestorTitles":["handleWebhook"],"duration":12,"failureDetails":[{"name":"TSError","diagnosticText":"\u001b[96msrc/errors/errorToResponse.ts\u001b[0m:\u001b[93m13\u001b[0m:\u001b[93m30\u001b[0m - \u001b[91merror\u001b[0m\u001b[90m TS2345: \u001b[0mArgument of type '{ headers?: Record<string, string | undefined> | undefined; requestContext?: { requestId?: string | undefined; } | undefined; }' is not assignable to parameter of type 'HttpEventLike'.\n  Types of property 'headers' are incompatible.\n    Type 'Record<string, string | undefined> | undefined' is not assignable to type 'Record<string, string | undefined>'.\n      Type 'undefined' is not assignable to type 'Record<string, string | undefined>'.\n\n\u001b[7m13\u001b[0m   return createErrorResponse(event, error.statusCode, error.message, { exposeMessage: true });\n\u001b[7m  \u001b[0m \u001b[91m                             ~~~~~\u001b[0m\n","diagnosticCodes":[2345]}],"failureMessages":[""],"fullName":"handleWebhook returns 502 when updating order fails","invocations":1,"location":null,"numPassingAsserts":0,"retryReasons":[],"status":"failed","title":"returns 502 when updating order fails"},{"ancestorTitles":["handleWebhook"],"duration":13,"failureDetails":[{"name":"TSError","diagnosticText":"\u001b[96msrc/errors/errorToResponse.ts\u001b[0m:\u001b[93m13\u001b[0m:\u001b[93m30\u001b[0m - \u001b[91merror\u001b[0m\u001b[90m TS2345: \u001b[0mArgument of type '{ headers?: Record<string, string | undefined> | undefined; requestContext?: { requestId?: string | undefined; } | undefined; }' is not assignable to parameter of type 'HttpEventLike'.\n  Types of property 'headers' are incompatible.\n    Type 'Record<string, string | undefined> | undefined' is not assignable to type 'Record<string, string | undefined>'.\n      Type 'undefined' is not assignable to type 'Record<string, string | undefined>'.\n\n\u001b[7m13\u001b[0m   return createErrorResponse(event, error.statusCode, error.message, { exposeMessage: true });\n\u001b[7m  \u001b[0m \u001b[91m                             ~~~~~\u001b[0m\n","diagnosticCodes":[2345]}],"failureMessages":[""],"fullName":"handleWebhook updates order on non-success webhook without granting access","invocations":1,"location":null,"numPassingAsserts":0,"retryReasons":[],"status":"failed","title":"updates order on non-success webhook without granting access"},{"ancestorTitles":["handleWebhook"],"duration":12,"failureDetails":[{"name":"TSError","diagnosticText":"\u001b[96msrc/errors/errorToResponse.ts\u001b[0m:\u001b[93m13\u001b[0m:\u001b[93m30\u001b[0m - \u001b[91merror\u001b[0m\u001b[90m TS2345: \u001b[0mArgument of type '{ headers?: Record<string, string | undefined> | undefined; requestContext?: { requestId?: string | undefined; } | undefined; }' is not assignable to parameter of type 'HttpEventLike'.\n  Types of property 'headers' are incompatible.\n    Type 'Record<string, string | undefined> | undefined' is not assignable to type 'Record<string, string | undefined>'.\n      Type 'undefined' is not assignable to type 'Record<string, string | undefined>'.\n\n\u001b[7m13\u001b[0m   return createErrorResponse(event, error.statusCode, error.message, { exposeMessage: true });\n\u001b[7m  \u001b[0m \u001b[91m                             ~~~~~\u001b[0m\n","diagnosticCodes":[2345]}],"failureMessages":[""],"fullName":"handleWebhook grants access on first SUCCESS webhook and updates payment order","invocations":1,"location":null,"numPassingAsserts":0,"retryReasons":[],"status":"failed","title":"grants access on first SUCCESS webhook and updates payment order"},{"ancestorTitles":["handleWebhook"],"duration":14,"failureDetails":[{"name":"TSError","diagnosticText":"\u001b[96msrc/errors/errorToResponse.ts\u001b[0m:\u001b[93m13\u001b[0m:\u001b[93m30\u001b[0m - \u001b[91merror\u001b[0m\u001b[90m TS2345: \u001b[0mArgument of type '{ headers?: Record<string, string | undefined> | undefined; requestContext?: { requestId?: string | undefined; } | undefined; }' is not assignable to parameter of type 'HttpEventLike'.\n  Types of property 'headers' are incompatible.\n    Type 'Record<string, string | undefined> | undefined' is not assignable to type 'Record<string, string | undefined>'.\n      Type 'undefined' is not assignable to type 'Record<string, string | undefined>'.\n\n\u001b[7m13\u001b[0m   return createErrorResponse(event, error.statusCode, error.message, { exposeMessage: true });\n\u001b[7m  \u001b[0m \u001b[91m                             ~~~~~\u001b[0m\n","diagnosticCodes":[2345]}],"failureMessages":[""],"fullName":"handleWebhook does not grant access when SUCCESS webhook arrives for an already granted order","invocations":1,"location":null,"numPassingAsserts":0,"retryReasons":[],"status":"failed","title":"does not grant access when SUCCESS webhook arrives for an already granted order"}],"endTime":1778844450484,"message":"  ● handleWebhook › returns 500 when DYNAMO_DB_TABLE_NAME is missing\n\n\n\n\n\n  ● handleWebhook › returns 500 when MIDTRANS_SERVER_KEY is missing\n\n\n\n\n\n  ● handleWebhook › returns 400 when JSON body is invalid\n\n\n\n\n\n  ● handleWebhook › returns 401 when Midtrans signature is invalid\n\n\n\n\n\n  ● handleWebhook › returns 400 when order_id is missing\n\n\n\n\n\n  ● handleWebhook › returns 502 when reading order fails\n\n\n\n\n\n  ● handleWebhook › returns 404 when order is not found\n\n\n\n\n\n  ● handleWebhook › returns 502 when granting access fails for first SUCCESS webhook\n\n\n\n\n\n  ● handleWebhook › returns 502 when updating order fails\n\n\n\n\n\n  ● handleWebhook › updates order on non-success webhook without granting access\n\n\n\n\n\n  ● handleWebhook › grants access on first SUCCESS webhook and updates payment order\n\n\n\n\n\n  ● handleWebhook › does not grant access when SUCCESS webhook arrives for an already granted order\n\n\n\n\n","name":"C:\\PROJECT\\kjl\\backend\\services\\payment-service\\tests\\handleWebhook.test.ts","startTime":1778844442226,"status":"failed","summary":""},{"assertionResults":[{"ancestorTitles":["createPayment"],"duration":24,"failureDetails":[{"name":"TSError","diagnosticText":"\u001b[96msrc/errors/errorToResponse.ts\u001b[0m:\u001b[93m13\u001b[0m:\u001b[93m30\u001b[0m - \u001b[91merror\u001b[0m\u001b[90m TS2345: \u001b[0mArgument of type '{ headers?: Record<string, string | undefined> | undefined; requestContext?: { requestId?: string | undefined; } | undefined; }' is not assignable to parameter of type 'HttpEventLike'.\n  Types of property 'headers' are incompatible.\n    Type 'Record<string, string | undefined> | undefined' is not assignable to type 'Record<string, string | undefined>'.\n      Type 'undefined' is not assignable to type 'Record<string, string | undefined>'.\n\n\u001b[7m13\u001b[0m   return createErrorResponse(event, error.statusCode, error.message, { exposeMessage: true });\n\u001b[7m  \u001b[0m \u001b[91m                             ~~~~~\u001b[0m\n","diagnosticCodes":[2345]}],"failureMessages":[""],"fullName":"createPayment returns 500 when DYNAMO_DB_TABLE_NAME is missing","invocations":1,"location":null,"numPassingAsserts":0,"retryReasons":[],"status":"failed","title":"returns 500 when DYNAMO_DB_TABLE_NAME is missing"},{"ancestorTitles":["createPayment"],"duration":15,"failureDetails":[{"name":"TSError","diagnosticText":"\u001b[96msrc/errors/errorToResponse.ts\u001b[0m:\u001b[93m13\u001b[0m:\u001b[93m30\u001b[0m - \u001b[91merror\u001b[0m\u001b[90m TS2345: \u001b[0mArgument of type '{ headers?: Record<string, string | undefined> | undefined; requestContext?: { requestId?: string | undefined; } | undefined; }' is not assignable to parameter of type 'HttpEventLike'.\n  Types of property 'headers' are incompatible.\n    Type 'Record<string, string | undefined> | undefined' is not assignable to type 'Record<string, string | undefined>'.\n      Type 'undefined' is not assignable to type 'Record<string, string | undefined>'.\n\n\u001b[7m13\u001b[0m   return createErrorResponse(event, error.statusCode, error.message, { exposeMessage: true });\n\u001b[7m  \u001b[0m \u001b[91m                             ~~~~~\u001b[0m\n","diagnosticCodes":[2345]}],"failureMessages":[""],"fullName":"createPayment returns 500 when MIDTRANS_SERVER_KEY is missing","invocations":1,"location":null,"numPassingAsserts":0,"retryReasons":[],"status":"failed","title":"returns 500 when MIDTRANS_SERVER_KEY is missing"},{"ancestorTitles":["createPayment"],"duration":17,"failureDetails":[{"name":"TSError","diagnosticText":"\u001b[96msrc/errors/errorToResponse.ts\u001b[0m:\u001b[93m13\u001b[0m:\u001b[93m30\u001b[0m - \u001b[91merror\u001b[0m\u001b[90m TS2345: \u001b[0mArgument of type '{ headers?: Record<string, string | undefined> | undefined; requestContext?: { requestId?: string | undefined; } | undefined; }' is not assignable to parameter of type 'HttpEventLike'.\n  Types of property 'headers' are incompatible.\n    Type 'Record<string, string | undefined> | undefined' is not assignable to type 'Record<string, string | undefined>'.\n      Type 'undefined' is not assignable to type 'Record<string, string | undefined>'.\n\n\u001b[7m13\u001b[0m   return createErrorResponse(event, error.statusCode, error.message, { exposeMessage: true });\n\u001b[7m  \u001b[0m \u001b[91m                             ~~~~~\u001b[0m\n","diagnosticCodes":[2345]}],"failureMessages":[""],"fullName":"createPayment returns 500 when MIDTRANS_SNAP_API_URL is missing","invocations":1,"location":null,"numPassingAsserts":0,"retryReasons":[],"status":"failed","title":"returns 500 when MIDTRANS_SNAP_API_URL is missing"},{"ancestorTitles":["createPayment"],"duration":13,"failureDetails":[{"name":"TSError","diagnosticText":"\u001b[96msrc/errors/errorToResponse.ts\u001b[0m:\u001b[93m13\u001b[0m:\u001b[93m30\u001b[0m - \u001b[91merror\u001b[0m\u001b[90m TS2345: \u001b[0mArgument of type '{ headers?: Record<string, string | undefined> | undefined; requestContext?: { requestId?: string | undefined; } | undefined; }' is not assignable to parameter of type 'HttpEventLike'.\n  Types of property 'headers' are incompatible.\n    Type 'Record<string, string | undefined> | undefined' is not assignable to type 'Record<string, string | undefined>'.\n      Type 'undefined' is not assignable to type 'Record<string, string | undefined>'.\n\n\u001b[7m13\u001b[0m   return createErrorResponse(event, error.statusCode, error.message, { exposeMessage: true });\n\u001b[7m  \u001b[0m \u001b[91m                             ~~~~~\u001b[0m\n","diagnosticCodes":[2345]}],"failureMessages":[""],"fullName":"createPayment returns 401 when user is not authenticated","invocations":1,"location":null,"numPassingAsserts":0,"retryReasons":[],"status":"failed","title":"returns 401 when user is not authenticated"},{"ancestorTitles":["createPayment"],"duration":13,"failureDetails":[{"name":"TSError","diagnosticText":"\u001b[96msrc/errors/errorToResponse.ts\u001b[0m:\u001b[93m13\u001b[0m:\u001b[93m30\u001b[0m - \u001b[91merror\u001b[0m\u001b[90m TS2345: \u001b[0mArgument of type '{ headers?: Record<string, string | undefined> | undefined; requestContext?: { requestId?: string | undefined; } | undefined; }' is not assignable to parameter of type 'HttpEventLike'.\n  Types of property 'headers' are incompatible.\n    Type 'Record<string, string | undefined> | undefined' is not assignable to type 'Record<string, string | undefined>'.\n      Type 'undefined' is not assignable to type 'Record<string, string | undefined>'.\n\n\u001b[7m13\u001b[0m   return createErrorResponse(event, error.statusCode, error.message, { exposeMessage: true });\n\u001b[7m  \u001b[0m \u001b[91m                             ~~~~~\u001b[0m\n","diagnosticCodes":[2345]}],"failureMessages":[""],"fullName":"createPayment returns 400 when request body is invalid JSON","invocations":1,"location":null,"numPassingAsserts":0,"retryReasons":[],"status":"failed","title":"returns 400 when request body is invalid JSON"},{"ancestorTitles":["createPayment"],"duration":11,"failureDetails":[{"name":"TSError","diagnosticText":"\u001b[96msrc/errors/errorToResponse.ts\u001b[0m:\u001b[93m13\u001b[0m:\u001b[93m30\u001b[0m - \u001b[91merror\u001b[0m\u001b[90m TS2345: \u001b[0mArgument of type '{ headers?: Record<string, string | undefined> | undefined; requestContext?: { requestId?: string | undefined; } | undefined; }' is not assignable to parameter of type 'HttpEventLike'.\n  Types of property 'headers' are incompatible.\n    Type 'Record<string, string | undefined> | undefined' is not assignable to type 'Record<string, string | undefined>'.\n      Type 'undefined' is not assignable to type 'Record<string, string | undefined>'.\n\n\u001b[7m13\u001b[0m   return createErrorResponse(event, error.statusCode, error.message, { exposeMessage: true });\n\u001b[7m  \u001b[0m \u001b[91m                             ~~~~~\u001b[0m\n","diagnosticCodes":[2345]}],"failureMessages":[""],"fullName":"createPayment returns 400 when productId is missing","invocations":1,"location":null,"numPassingAsserts":0,"retryReasons":[],"status":"failed","title":"returns 400 when productId is missing"},{"ancestorTitles":["createPayment"],"duration":8,"failureDetails":[{"name":"TSError","diagnosticText":"\u001b[96msrc/errors/errorToResponse.ts\u001b[0m:\u001b[93m13\u001b[0m:\u001b[93m30\u001b[0m - \u001b[91merror\u001b[0m\u001b[90m TS2345: \u001b[0mArgument of type '{ headers?: Record<string, string | undefined> | undefined; requestContext?: { requestId?: string | undefined; } | undefined; }' is not assignable to parameter of type 'HttpEventLike'.\n  Types of property 'headers' are incompatible.\n    Type 'Record<string, string | undefined> | undefined' is not assignable to type 'Record<string, string | undefined>'.\n      Type 'undefined' is not assignable to type 'Record<string, string | undefined>'.\n\n\u001b[7m13\u001b[0m   return createErrorResponse(event, error.statusCode, error.message, { exposeMessage: true });\n\u001b[7m  \u001b[0m \u001b[91m                             ~~~~~\u001b[0m\n","diagnosticCodes":[2345]}],"failureMessages":[""],"fullName":"createPayment returns 409 when active access already exists","invocations":1,"location":null,"numPassingAsserts":0,"retryReasons":[],"status":"failed","title":"returns 409 when active access already exists"},{"ancestorTitles":["createPayment"],"duration":27,"failureDetails":[{"name":"TSError","diagnosticText":"\u001b[96msrc/errors/errorToResponse.ts\u001b[0m:\u001b[93m13\u001b[0m:\u001b[93m30\u001b[0m - \u001b[91merror\u001b[0m\u001b[90m TS2345: \u001b[0mArgument of type '{ headers?: Record<string, string | undefined> | undefined; requestContext?: { requestId?: string | undefined; } | undefined; }' is not assignable to parameter of type 'HttpEventLike'.\n  Types of property 'headers' are incompatible.\n    Type 'Record<string, string | undefined> | undefined' is not assignable to type 'Record<string, string | undefined>'.\n      Type 'undefined' is not assignable to type 'Record<string, string | undefined>'.\n\n\u001b[7m13\u001b[0m   return createErrorResponse(event, error.statusCode, error.message, { exposeMessage: true });\n\u001b[7m  \u001b[0m \u001b[91m                             ~~~~~\u001b[0m\n","diagnosticCodes":[2345]}],"failureMessages":[""],"fullName":"createPayment returns 502 when active access validation fails","invocations":1,"location":null,"numPassingAsserts":0,"retryReasons":[],"status":"failed","title":"returns 502 when active access validation fails"},{"ancestorTitles":["createPayment"],"duration":10,"failureDetails":[{"name":"TSError","diagnosticText":"\u001b[96msrc/errors/errorToResponse.ts\u001b[0m:\u001b[93m13\u001b[0m:\u001b[93m30\u001b[0m - \u001b[91merror\u001b[0m\u001b[90m TS2345: \u001b[0mArgument of type '{ headers?: Record<string, string | undefined> | undefined; requestContext?: { requestId?: string | undefined; } | undefined; }' is not assignable to parameter of type 'HttpEventLike'.\n  Types of property 'headers' are incompatible.\n    Type 'Record<string, string | undefined> | undefined' is not assignable to type 'Record<string, string | undefined>'.\n      Type 'undefined' is not assignable to type 'Record<string, string | undefined>'.\n\n\u001b[7m13\u001b[0m   return createErrorResponse(event, error.statusCode, error.message, { exposeMessage: true });\n\u001b[7m  \u001b[0m \u001b[91m                             ~~~~~\u001b[0m\n","diagnosticCodes":[2345]}],"failureMessages":[""],"fullName":"createPayment returns 502 when product lookup fails","invocations":1,"location":null,"numPassingAsserts":0,"retryReasons":[],"status":"failed","title":"returns 502 when product lookup fails"},{"ancestorTitles":["createPayment"],"duration":18,"failureDetails":[{"name":"TSError","diagnosticText":"\u001b[96msrc/errors/errorToResponse.ts\u001b[0m:\u001b[93m13\u001b[0m:\u001b[93m30\u001b[0m - \u001b[91merror\u001b[0m\u001b[90m TS2345: \u001b[0mArgument of type '{ headers?: Record<string, string | undefined> | undefined; requestContext?: { requestId?: string | undefined; } | undefined; }' is not assignable to parameter of type 'HttpEventLike'.\n  Types of property 'headers' are incompatible.\n    Type 'Record<string, string | undefined> | undefined' is not assignable to type 'Record<string, string | undefined>'.\n      Type 'undefined' is not assignable to type 'Record<string, string | undefined>'.\n\n\u001b[7m13\u001b[0m   return createErrorResponse(event, error.statusCode, error.message, { exposeMessage: true });\n\u001b[7m  \u001b[0m \u001b[91m                             ~~~~~\u001b[0m\n","diagnosticCodes":[2345]}],"failureMessages":[""],"fullName":"createPayment returns 404 when product does not exist","invocations":1,"location":null,"numPassingAsserts":0,"retryReasons":[],"status":"failed","title":"returns 404 when product does not exist"},{"ancestorTitles":["createPayment"],"duration":16,"failureDetails":[{"name":"TSError","diagnosticText":"\u001b[96msrc/errors/errorToResponse.ts\u001b[0m:\u001b[93m13\u001b[0m:\u001b[93m30\u001b[0m - \u001b[91merror\u001b[0m\u001b[90m TS2345: \u001b[0mArgument of type '{ headers?: Record<string, string | undefined> | undefined; requestContext?: { requestId?: string | undefined; } | undefined; }' is not assignable to parameter of type 'HttpEventLike'.\n  Types of property 'headers' are incompatible.\n    Type 'Record<string, string | undefined> | undefined' is not assignable to type 'Record<string, string | undefined>'.\n      Type 'undefined' is not assignable to type 'Record<string, string | undefined>'.\n\n\u001b[7m13\u001b[0m   return createErrorResponse(event, error.statusCode, error.message, { exposeMessage: true });\n\u001b[7m  \u001b[0m \u001b[91m                             ~~~~~\u001b[0m\n","diagnosticCodes":[2345]}],"failureMessages":[""],"fullName":"createPayment returns 400 when product price is not valid","invocations":1,"location":null,"numPassingAsserts":0,"retryReasons":[],"status":"failed","title":"returns 400 when product price is not valid"},{"ancestorTitles":["createPayment"],"duration":15,"failureDetails":[{"name":"TSError","diagnosticText":"\u001b[96msrc/errors/errorToResponse.ts\u001b[0m:\u001b[93m13\u001b[0m:\u001b[93m30\u001b[0m - \u001b[91merror\u001b[0m\u001b[90m TS2345: \u001b[0mArgument of type '{ headers?: Record<string, string | undefined> | undefined; requestContext?: { requestId?: string | undefined; } | undefined; }' is not assignable to parameter of type 'HttpEventLike'.\n  Types of property 'headers' are incompatible.\n    Type 'Record<string, string | undefined> | undefined' is not assignable to type 'Record<string, string | undefined>'.\n      Type 'undefined' is not assignable to type 'Record<string, string | undefined>'.\n\n\u001b[7m13\u001b[0m   return createErrorResponse(event, error.statusCode, error.message, { exposeMessage: true });\n\u001b[7m  \u001b[0m \u001b[91m                             ~~~~~\u001b[0m\n","diagnosticCodes":[2345]}],"failureMessages":[""],"fullName":"createPayment returns 502 when Midtrans rejects transaction creation","invocations":1,"location":null,"numPassingAsserts":0,"retryReasons":[],"status":"failed","title":"returns 502 when Midtrans rejects transaction creation"},{"ancestorTitles":["createPayment"],"duration":10,"failureDetails":[{"name":"TSError","diagnosticText":"\u001b[96msrc/errors/errorToResponse.ts\u001b[0m:\u001b[93m13\u001b[0m:\u001b[93m30\u001b[0m - \u001b[91merror\u001b[0m\u001b[90m TS2345: \u001b[0mArgument of type '{ headers?: Record<string, string | undefined> | undefined; requestContext?: { requestId?: string | undefined; } | undefined; }' is not assignable to parameter of type 'HttpEventLike'.\n  Types of property 'headers' are incompatible.\n    Type 'Record<string, string | undefined> | undefined' is not assignable to type 'Record<string, string | undefined>'.\n      Type 'undefined' is not assignable to type 'Record<string, string | undefined>'.\n\n\u001b[7m13\u001b[0m   return createErrorResponse(event, error.statusCode, error.message, { exposeMessage: true });\n\u001b[7m  \u001b[0m \u001b[91m                             ~~~~~\u001b[0m\n","diagnosticCodes":[2345]}],"failureMessages":[""],"fullName":"createPayment returns 502 when saving order fails","invocations":1,"location":null,"numPassingAsserts":0,"retryReasons":[],"status":"failed","title":"returns 502 when saving order fails"},{"ancestorTitles":["createPayment"],"duration":8,"failureDetails":[{"name":"TSError","diagnosticText":"\u001b[96msrc/errors/errorToResponse.ts\u001b[0m:\u001b[93m13\u001b[0m:\u001b[93m30\u001b[0m - \u001b[91merror\u001b[0m\u001b[90m TS2345: \u001b[0mArgument of type '{ headers?: Record<string, string | undefined> | undefined; requestContext?: { requestId?: string | undefined; } | undefined; }' is not assignable to parameter of type 'HttpEventLike'.\n  Types of property 'headers' are incompatible.\n    Type 'Record<string, string | undefined> | undefined' is not assignable to type 'Record<string, string | undefined>'.\n      Type 'undefined' is not assignable to type 'Record<string, string | undefined>'.\n\n\u001b[7m13\u001b[0m   return createErrorResponse(event, error.statusCode, error.message, { exposeMessage: true });\n\u001b[7m  \u001b[0m \u001b[91m                             ~~~~~\u001b[0m\n","diagnosticCodes":[2345]}],"failureMessages":[""],"fullName":"createPayment creates payment successfully and persists order","invocations":1,"location":null,"numPassingAsserts":0,"retryReasons":[],"status":"failed","title":"creates payment successfully and persists order"}],"endTime":1778844450879,"message":"  ● createPayment › returns 500 when DYNAMO_DB_TABLE_NAME is missing\n\n\n\n\n\n  ● createPayment › returns 500 when MIDTRANS_SERVER_KEY is missing\n\n\n\n\n\n  ● createPayment › returns 500 when MIDTRANS_SNAP_API_URL is missing\n\n\n\n\n\n  ● createPayment › returns 401 when user is not authenticated\n\n\n\n\n\n  ● createPayment › returns 400 when request body is invalid JSON\n\n\n\n\n\n  ● createPayment › returns 400 when productId is missing\n\n\n\n\n\n  ● createPayment › returns 409 when active access already exists\n\n\n\n\n\n  ● createPayment › returns 502 when active access validation fails\n\n\n\n\n\n  ● createPayment › returns 502 when product lookup fails\n\n\n\n\n\n  ● createPayment › returns 404 when product does not exist\n\n\n\n\n\n  ● createPayment › returns 400 when product price is not valid\n\n\n\n\n\n  ● createPayment › returns 502 when Midtrans rejects transaction creation\n\n\n\n\n\n  ● createPayment › returns 502 when saving order fails\n\n\n\n\n\n  ● createPayment › creates payment successfully and persists order\n\n\n\n\n","name":"C:\\PROJECT\\kjl\\backend\\services\\payment-service\\tests\\createPayment.test.ts","startTime":1778844450499,"status":"failed","summary":""},{"assertionResults":[{"ancestorTitles":["validateWebhookSignature"],"duration":1,"failureDetails":[],"failureMessages":[],"fullName":"validateWebhookSignature returns true for valid Midtrans signature formula with string fields","invocations":1,"location":null,"numPassingAsserts":1,"retryReasons":[],"status":"passed","title":"returns true for valid Midtrans signature formula with string fields"},{"ancestorTitles":["validateWebhookSignature"],"duration":0,"failureDetails":[],"failureMessages":[],"fullName":"validateWebhookSignature accepts numeric status_code and gross_amount representations","invocations":1,"location":null,"numPassingAsserts":1,"retryReasons":[],"status":"passed","title":"accepts numeric status_code and gross_amount representations"},{"ancestorTitles":["validateWebhookSignature"],"duration":0,"failureDetails":[],"failureMessages":[],"fullName":"validateWebhookSignature returns false when signature does not match","invocations":1,"location":null,"numPassingAsserts":1,"retryReasons":[],"status":"passed","title":"returns false when signature does not match"},{"ancestorTitles":["validateWebhookSignature"],"duration":1,"failureDetails":[],"failureMessages":[],"fullName":"validateWebhookSignature returns false when required signature fields are missing","invocations":1,"location":null,"numPassingAsserts":2,"retryReasons":[],"status":"passed","title":"returns false when required signature fields are missing"},{"ancestorTitles":["normalizePaymentStatus"],"duration":1,"failureDetails":[],"failureMessages":[],"fullName":"normalizePaymentStatus returns SUCCESS for capture with fraud accept (credit card)","invocations":1,"location":null,"numPassingAsserts":1,"retryReasons":[],"status":"passed","title":"returns SUCCESS for capture with fraud accept (credit card)"},{"ancestorTitles":["normalizePaymentStatus"],"duration":0,"failureDetails":[],"failureMessages":[],"fullName":"normalizePaymentStatus returns PENDING_REVIEW for capture with fraud challenge (credit card)","invocations":1,"location":null,"numPassingAsserts":1,"retryReasons":[],"status":"passed","title":"returns PENDING_REVIEW for capture with fraud challenge (credit card)"},{"ancestorTitles":["normalizePaymentStatus"],"duration":0,"failureDetails":[],"failureMessages":[],"fullName":"normalizePaymentStatus returns SUCCESS for settlement (bank transfer/e-wallet/cstore/akulaku)","invocations":1,"location":null,"numPassingAsserts":1,"retryReasons":[],"status":"passed","title":"returns SUCCESS for settlement (bank transfer/e-wallet/cstore/akulaku)"},{"ancestorTitles":["normalizePaymentStatus"],"duration":1,"failureDetails":[],"failureMessages":[],"fullName":"normalizePaymentStatus returns PENDING for pending and authorize","invocations":1,"location":null,"numPassingAsserts":2,"retryReasons":[],"status":"passed","title":"returns PENDING for pending and authorize"},{"ancestorTitles":["normalizePaymentStatus"],"duration":1,"failureDetails":[],"failureMessages":[],"fullName":"normalizePaymentStatus returns FAILED for deny/cancel/expire/failure","invocations":1,"location":null,"numPassingAsserts":4,"retryReasons":[],"status":"passed","title":"returns FAILED for deny/cancel/expire/failure"},{"ancestorTitles":["normalizePaymentStatus"],"duration":1,"failureDetails":[],"failureMessages":[],"fullName":"normalizePaymentStatus returns REFUNDED for refund family statuses","invocations":1,"location":null,"numPassingAsserts":4,"retryReasons":[],"status":"passed","title":"returns REFUNDED for refund family statuses"}],"endTime":1778844450977,"message":"","name":"C:\\PROJECT\\kjl\\backend\\services\\payment-service\\tests\\midtransService.test.ts","startTime":1778844450885,"status":"passed","summary":""}],"wasInterrupted":false}
